<?xml version="1.0" encoding="UTF-8"?>
<!-- Generated by org.testng.reporters.JUnitReportReporter -->
<testsuite skipped="0" hostname="DESKTOP-7Q5T61F" name="tests.Tests" tests="1" failures="0" timestamp="01 Feb 2019 08:48:19 GMT" time="18.723" errors="0">
  <testcase name="pruebaUno" time="18.723" classname="tests.Tests"/>
</testsuite> <!-- tests.Tests -->
